[2024-08-07T15:46:55.918-0300] {local_task_job_runner.py:120} INFO - ::group::Pre task execution logs
[2024-08-07T15:46:55.932-0300] {taskinstance.py:2076} INFO - Dependencies all met for dep_context=non-requeueable deps ti=<TaskInstance: ETL_SIM.gerar_delta manual__2024-08-07T18:36:41.214615+00:00 [queued]>
[2024-08-07T15:46:55.939-0300] {taskinstance.py:2076} INFO - Dependencies all met for dep_context=requeueable deps ti=<TaskInstance: ETL_SIM.gerar_delta manual__2024-08-07T18:36:41.214615+00:00 [queued]>
[2024-08-07T15:46:55.940-0300] {taskinstance.py:2306} INFO - Starting attempt 1 of 1
[2024-08-07T15:46:55.960-0300] {taskinstance.py:2330} INFO - Executing <Task(PythonOperator): gerar_delta> on 2024-08-07 18:36:41.214615+00:00
[2024-08-07T15:46:55.965-0300] {standard_task_runner.py:63} INFO - Started process 19760 to run task
[2024-08-07T15:46:55.969-0300] {standard_task_runner.py:90} INFO - Running: ['airflow', 'tasks', 'run', 'ETL_SIM', 'gerar_delta', 'manual__2024-08-07T18:36:41.214615+00:00', '--job-id', '1060', '--raw', '--subdir', 'DAGS_FOLDER/ETL_DO.py', '--cfg-path', '/tmp/tmpgw558d9i']
[2024-08-07T15:46:55.971-0300] {standard_task_runner.py:91} INFO - Job 1060: Subtask gerar_delta
[2024-08-07T15:46:56.012-0300] {task_command.py:426} INFO - Running <TaskInstance: ETL_SIM.gerar_delta manual__2024-08-07T18:36:41.214615+00:00 [running]> on host LAPTOP-NDHI6BI3.
[2024-08-07T15:46:56.318-0300] {taskinstance.py:2648} INFO - Exporting env vars: AIRFLOW_CTX_DAG_OWNER='airflow' AIRFLOW_CTX_DAG_ID='ETL_SIM' AIRFLOW_CTX_TASK_ID='gerar_delta' AIRFLOW_CTX_EXECUTION_DATE='2024-08-07T18:36:41.214615+00:00' AIRFLOW_CTX_TRY_NUMBER='1' AIRFLOW_CTX_DAG_RUN_ID='manual__2024-08-07T18:36:41.214615+00:00'
[2024-08-07T15:46:56.319-0300] {taskinstance.py:430} INFO - ::endgroup::
[2024-08-07T15:47:03.805-0300] {logging_mixin.py:188} INFO - Convertendo /home/jamilsonfs/airflow/dados/dados_parquet/DOMG2020.parquet/63858c386fab41368dad5a942add8efe-0.parquet para Delta
[2024-08-07T15:47:26.290-0300] {logging_mixin.py:188} INFO - Arquivo Parquet /home/jamilsonfs/airflow/dados/dados_parquet/DOMG2020.parquet/63858c386fab41368dad5a942add8efe-0.parquet convertido com sucesso para /home/jamilsonfs/airflow/dados/dados_delta/63858c386fab41368dad5a942add8efe-0.delta
[2024-08-07T15:47:26.291-0300] {logging_mixin.py:188} INFO - Convertendo /home/jamilsonfs/airflow/dados/dados_parquet/DOMG2020.parquet/1c9f38c087234ad1bcf751aebad39757-0.parquet para Delta
[2024-08-07T15:47:28.817-0300] {logging_mixin.py:188} INFO - Arquivo Parquet /home/jamilsonfs/airflow/dados/dados_parquet/DOMG2020.parquet/1c9f38c087234ad1bcf751aebad39757-0.parquet convertido com sucesso para /home/jamilsonfs/airflow/dados/dados_delta/1c9f38c087234ad1bcf751aebad39757-0.delta
[2024-08-07T15:47:28.817-0300] {logging_mixin.py:188} INFO - Convertendo /home/jamilsonfs/airflow/dados/dados_parquet/DOMG2020.parquet/bc287a6e789a44b19ffb077a697e33a0-0.parquet para Delta
[2024-08-07T15:47:31.932-0300] {logging_mixin.py:188} INFO - Arquivo Parquet /home/jamilsonfs/airflow/dados/dados_parquet/DOMG2020.parquet/bc287a6e789a44b19ffb077a697e33a0-0.parquet convertido com sucesso para /home/jamilsonfs/airflow/dados/dados_delta/bc287a6e789a44b19ffb077a697e33a0-0.delta
[2024-08-07T15:47:31.932-0300] {logging_mixin.py:188} INFO - Convertendo /home/jamilsonfs/airflow/dados/dados_parquet/DOMG2020.parquet/b6511d48faa04637a899a4662ac6ff7e-0.parquet para Delta
[2024-08-07T15:47:34.636-0300] {logging_mixin.py:188} INFO - Arquivo Parquet /home/jamilsonfs/airflow/dados/dados_parquet/DOMG2020.parquet/b6511d48faa04637a899a4662ac6ff7e-0.parquet convertido com sucesso para /home/jamilsonfs/airflow/dados/dados_delta/b6511d48faa04637a899a4662ac6ff7e-0.delta
[2024-08-07T15:47:34.637-0300] {logging_mixin.py:188} INFO - Convertendo /home/jamilsonfs/airflow/dados/dados_parquet/DOMG2020.parquet/29f83e9c131b49dc8812f785e62eba17-0.parquet para Delta
[2024-08-07T15:47:37.182-0300] {logging_mixin.py:188} INFO - Arquivo Parquet /home/jamilsonfs/airflow/dados/dados_parquet/DOMG2020.parquet/29f83e9c131b49dc8812f785e62eba17-0.parquet convertido com sucesso para /home/jamilsonfs/airflow/dados/dados_delta/29f83e9c131b49dc8812f785e62eba17-0.delta
[2024-08-07T15:47:37.182-0300] {logging_mixin.py:188} INFO - Convertendo /home/jamilsonfs/airflow/dados/dados_parquet/DOMG2020.parquet/8caf5457d31e4412838599e8b8d511d8-0.parquet para Delta
[2024-08-07T15:47:39.479-0300] {logging_mixin.py:188} INFO - Arquivo Parquet /home/jamilsonfs/airflow/dados/dados_parquet/DOMG2020.parquet/8caf5457d31e4412838599e8b8d511d8-0.parquet convertido com sucesso para /home/jamilsonfs/airflow/dados/dados_delta/8caf5457d31e4412838599e8b8d511d8-0.delta
[2024-08-07T15:47:39.480-0300] {logging_mixin.py:188} INFO - Convertendo /home/jamilsonfs/airflow/dados/dados_parquet/DORJ2020.parquet/f573c3974a764475b9a43cefac297644-0.parquet para Delta
[2024-08-07T15:47:41.347-0300] {logging_mixin.py:188} INFO - Arquivo Parquet /home/jamilsonfs/airflow/dados/dados_parquet/DORJ2020.parquet/f573c3974a764475b9a43cefac297644-0.parquet convertido com sucesso para /home/jamilsonfs/airflow/dados/dados_delta/f573c3974a764475b9a43cefac297644-0.delta
[2024-08-07T15:47:41.348-0300] {logging_mixin.py:188} INFO - Convertendo /home/jamilsonfs/airflow/dados/dados_parquet/DORJ2020.parquet/bb42c2023f8a4a9a89e08f75728fe7e8-0.parquet para Delta
[2024-08-07T15:47:43.286-0300] {logging_mixin.py:188} INFO - Arquivo Parquet /home/jamilsonfs/airflow/dados/dados_parquet/DORJ2020.parquet/bb42c2023f8a4a9a89e08f75728fe7e8-0.parquet convertido com sucesso para /home/jamilsonfs/airflow/dados/dados_delta/bb42c2023f8a4a9a89e08f75728fe7e8-0.delta
[2024-08-07T15:47:43.286-0300] {logging_mixin.py:188} INFO - Convertendo /home/jamilsonfs/airflow/dados/dados_parquet/DORJ2020.parquet/195a3eb31757424cbf9a9bb6bd378c7e-0.parquet para Delta
[2024-08-07T15:47:44.992-0300] {logging_mixin.py:188} INFO - Arquivo Parquet /home/jamilsonfs/airflow/dados/dados_parquet/DORJ2020.parquet/195a3eb31757424cbf9a9bb6bd378c7e-0.parquet convertido com sucesso para /home/jamilsonfs/airflow/dados/dados_delta/195a3eb31757424cbf9a9bb6bd378c7e-0.delta
[2024-08-07T15:47:44.993-0300] {logging_mixin.py:188} INFO - Convertendo /home/jamilsonfs/airflow/dados/dados_parquet/DORJ2020.parquet/023e705eb23f449695e90403fea31c22-0.parquet para Delta
[2024-08-07T15:47:47.077-0300] {logging_mixin.py:188} INFO - Arquivo Parquet /home/jamilsonfs/airflow/dados/dados_parquet/DORJ2020.parquet/023e705eb23f449695e90403fea31c22-0.parquet convertido com sucesso para /home/jamilsonfs/airflow/dados/dados_delta/023e705eb23f449695e90403fea31c22-0.delta
[2024-08-07T15:47:47.077-0300] {logging_mixin.py:188} INFO - Convertendo /home/jamilsonfs/airflow/dados/dados_parquet/DORJ2020.parquet/353debf6e3b14334a8bcf0d3086e0b86-0.parquet para Delta
[2024-08-07T15:47:49.239-0300] {logging_mixin.py:188} INFO - Arquivo Parquet /home/jamilsonfs/airflow/dados/dados_parquet/DORJ2020.parquet/353debf6e3b14334a8bcf0d3086e0b86-0.parquet convertido com sucesso para /home/jamilsonfs/airflow/dados/dados_delta/353debf6e3b14334a8bcf0d3086e0b86-0.delta
[2024-08-07T15:47:49.240-0300] {logging_mixin.py:188} INFO - Convertendo /home/jamilsonfs/airflow/dados/dados_parquet/DORJ2020.parquet/e5a34d8b48ba43c8a5cf370dc4dc7789-0.parquet para Delta
[2024-08-07T15:47:51.716-0300] {logging_mixin.py:188} INFO - Arquivo Parquet /home/jamilsonfs/airflow/dados/dados_parquet/DORJ2020.parquet/e5a34d8b48ba43c8a5cf370dc4dc7789-0.parquet convertido com sucesso para /home/jamilsonfs/airflow/dados/dados_delta/e5a34d8b48ba43c8a5cf370dc4dc7789-0.delta
[2024-08-07T15:47:51.717-0300] {logging_mixin.py:188} INFO - Convertendo /home/jamilsonfs/airflow/dados/dados_parquet/DOSP2020.parquet/eb51609f3a02450b93d5fc377aee3bcf-0.parquet para Delta
[2024-08-07T15:47:54.679-0300] {logging_mixin.py:188} INFO - Arquivo Parquet /home/jamilsonfs/airflow/dados/dados_parquet/DOSP2020.parquet/eb51609f3a02450b93d5fc377aee3bcf-0.parquet convertido com sucesso para /home/jamilsonfs/airflow/dados/dados_delta/eb51609f3a02450b93d5fc377aee3bcf-0.delta
[2024-08-07T15:47:54.680-0300] {logging_mixin.py:188} INFO - Convertendo /home/jamilsonfs/airflow/dados/dados_parquet/DOSP2020.parquet/9a0953e764a342e6b7426dac4d7f9f69-0.parquet para Delta
[2024-08-07T15:47:56.847-0300] {logging_mixin.py:188} INFO - Arquivo Parquet /home/jamilsonfs/airflow/dados/dados_parquet/DOSP2020.parquet/9a0953e764a342e6b7426dac4d7f9f69-0.parquet convertido com sucesso para /home/jamilsonfs/airflow/dados/dados_delta/9a0953e764a342e6b7426dac4d7f9f69-0.delta
[2024-08-07T15:47:56.848-0300] {logging_mixin.py:188} INFO - Convertendo /home/jamilsonfs/airflow/dados/dados_parquet/DOSP2020.parquet/fc1d60876e0440488f5c798577119a03-0.parquet para Delta
[2024-08-07T15:47:58.564-0300] {logging_mixin.py:188} INFO - Arquivo Parquet /home/jamilsonfs/airflow/dados/dados_parquet/DOSP2020.parquet/fc1d60876e0440488f5c798577119a03-0.parquet convertido com sucesso para /home/jamilsonfs/airflow/dados/dados_delta/fc1d60876e0440488f5c798577119a03-0.delta
[2024-08-07T15:47:58.564-0300] {logging_mixin.py:188} INFO - Convertendo /home/jamilsonfs/airflow/dados/dados_parquet/DOSP2020.parquet/15311e82b06f456eba6c7e9c8b0dcda7-0.parquet para Delta
[2024-08-07T15:48:00.850-0300] {logging_mixin.py:188} INFO - Arquivo Parquet /home/jamilsonfs/airflow/dados/dados_parquet/DOSP2020.parquet/15311e82b06f456eba6c7e9c8b0dcda7-0.parquet convertido com sucesso para /home/jamilsonfs/airflow/dados/dados_delta/15311e82b06f456eba6c7e9c8b0dcda7-0.delta
[2024-08-07T15:48:00.850-0300] {logging_mixin.py:188} INFO - Convertendo /home/jamilsonfs/airflow/dados/dados_parquet/DOSP2020.parquet/db5423fb187a40029a81f7cb028bf349-0.parquet para Delta
[2024-08-07T15:48:02.515-0300] {logging_mixin.py:188} INFO - Arquivo Parquet /home/jamilsonfs/airflow/dados/dados_parquet/DOSP2020.parquet/db5423fb187a40029a81f7cb028bf349-0.parquet convertido com sucesso para /home/jamilsonfs/airflow/dados/dados_delta/db5423fb187a40029a81f7cb028bf349-0.delta
[2024-08-07T15:48:02.515-0300] {logging_mixin.py:188} INFO - Convertendo /home/jamilsonfs/airflow/dados/dados_parquet/DOSP2020.parquet/d0b60ddf0c9041d1a894b323fb472de6-0.parquet para Delta
[2024-08-07T15:48:04.373-0300] {logging_mixin.py:188} INFO - Arquivo Parquet /home/jamilsonfs/airflow/dados/dados_parquet/DOSP2020.parquet/d0b60ddf0c9041d1a894b323fb472de6-0.parquet convertido com sucesso para /home/jamilsonfs/airflow/dados/dados_delta/d0b60ddf0c9041d1a894b323fb472de6-0.delta
[2024-08-07T15:48:04.373-0300] {logging_mixin.py:188} INFO - Convertendo /home/jamilsonfs/airflow/dados/dados_parquet/DOSP2020.parquet/ec077f9928244a9cb8e846a86ed8183d-0.parquet para Delta
[2024-08-07T15:48:06.210-0300] {logging_mixin.py:188} INFO - Arquivo Parquet /home/jamilsonfs/airflow/dados/dados_parquet/DOSP2020.parquet/ec077f9928244a9cb8e846a86ed8183d-0.parquet convertido com sucesso para /home/jamilsonfs/airflow/dados/dados_delta/ec077f9928244a9cb8e846a86ed8183d-0.delta
[2024-08-07T15:48:06.210-0300] {logging_mixin.py:188} INFO - Convertendo /home/jamilsonfs/airflow/dados/dados_parquet/DOSP2020.parquet/f5ccb0cf322146adba88e87832179bf7-0.parquet para Delta
[2024-08-07T15:48:08.242-0300] {logging_mixin.py:188} INFO - Arquivo Parquet /home/jamilsonfs/airflow/dados/dados_parquet/DOSP2020.parquet/f5ccb0cf322146adba88e87832179bf7-0.parquet convertido com sucesso para /home/jamilsonfs/airflow/dados/dados_delta/f5ccb0cf322146adba88e87832179bf7-0.delta
[2024-08-07T15:48:08.242-0300] {logging_mixin.py:188} INFO - Convertendo /home/jamilsonfs/airflow/dados/dados_parquet/DOSP2020.parquet/ff4325fb7c264a45b61bdfa28cd8763e-0.parquet para Delta
[2024-08-07T15:48:10.534-0300] {logging_mixin.py:188} INFO - Arquivo Parquet /home/jamilsonfs/airflow/dados/dados_parquet/DOSP2020.parquet/ff4325fb7c264a45b61bdfa28cd8763e-0.parquet convertido com sucesso para /home/jamilsonfs/airflow/dados/dados_delta/ff4325fb7c264a45b61bdfa28cd8763e-0.delta
[2024-08-07T15:48:10.534-0300] {logging_mixin.py:188} INFO - Convertendo /home/jamilsonfs/airflow/dados/dados_parquet/DOSP2020.parquet/9d416a09a8754dd7bedce2da72398868-0.parquet para Delta
[2024-08-07T15:48:13.126-0300] {logging_mixin.py:188} INFO - Arquivo Parquet /home/jamilsonfs/airflow/dados/dados_parquet/DOSP2020.parquet/9d416a09a8754dd7bedce2da72398868-0.parquet convertido com sucesso para /home/jamilsonfs/airflow/dados/dados_delta/9d416a09a8754dd7bedce2da72398868-0.delta
[2024-08-07T15:48:13.126-0300] {logging_mixin.py:188} INFO - Convertendo /home/jamilsonfs/airflow/dados/dados_parquet/DOSP2020.parquet/7613eb38b23d42a4b24f8fe36739f721-0.parquet para Delta
[2024-08-07T15:48:15.249-0300] {logging_mixin.py:188} INFO - Arquivo Parquet /home/jamilsonfs/airflow/dados/dados_parquet/DOSP2020.parquet/7613eb38b23d42a4b24f8fe36739f721-0.parquet convertido com sucesso para /home/jamilsonfs/airflow/dados/dados_delta/7613eb38b23d42a4b24f8fe36739f721-0.delta
[2024-08-07T15:48:15.250-0300] {logging_mixin.py:188} INFO - Convertendo /home/jamilsonfs/airflow/dados/dados_parquet/DOSP2020.parquet/ff054f2a11ed477584769a1b6b3d6d38-0.parquet para Delta
[2024-08-07T15:48:16.699-0300] {logging_mixin.py:188} INFO - Arquivo Parquet /home/jamilsonfs/airflow/dados/dados_parquet/DOSP2020.parquet/ff054f2a11ed477584769a1b6b3d6d38-0.parquet convertido com sucesso para /home/jamilsonfs/airflow/dados/dados_delta/ff054f2a11ed477584769a1b6b3d6d38-0.delta
[2024-08-07T15:48:16.701-0300] {logging_mixin.py:188} INFO - Convertendo /home/jamilsonfs/airflow/dados/dados_parquet/DOES2020.parquet/3ccf25840b1a440fa56647d4a40294a2-0.parquet para Delta
[2024-08-07T15:48:18.669-0300] {logging_mixin.py:188} INFO - Arquivo Parquet /home/jamilsonfs/airflow/dados/dados_parquet/DOES2020.parquet/3ccf25840b1a440fa56647d4a40294a2-0.parquet convertido com sucesso para /home/jamilsonfs/airflow/dados/dados_delta/3ccf25840b1a440fa56647d4a40294a2-0.delta
[2024-08-07T15:48:19.039-0300] {python.py:237} INFO - Done. Returned value was: ['/home/jamilsonfs/airflow/dados/dados_delta/63858c386fab41368dad5a942add8efe-0.delta', '/home/jamilsonfs/airflow/dados/dados_delta/1c9f38c087234ad1bcf751aebad39757-0.delta', '/home/jamilsonfs/airflow/dados/dados_delta/bc287a6e789a44b19ffb077a697e33a0-0.delta', '/home/jamilsonfs/airflow/dados/dados_delta/b6511d48faa04637a899a4662ac6ff7e-0.delta', '/home/jamilsonfs/airflow/dados/dados_delta/29f83e9c131b49dc8812f785e62eba17-0.delta', '/home/jamilsonfs/airflow/dados/dados_delta/8caf5457d31e4412838599e8b8d511d8-0.delta', '/home/jamilsonfs/airflow/dados/dados_delta/f573c3974a764475b9a43cefac297644-0.delta', '/home/jamilsonfs/airflow/dados/dados_delta/bb42c2023f8a4a9a89e08f75728fe7e8-0.delta', '/home/jamilsonfs/airflow/dados/dados_delta/195a3eb31757424cbf9a9bb6bd378c7e-0.delta', '/home/jamilsonfs/airflow/dados/dados_delta/023e705eb23f449695e90403fea31c22-0.delta', '/home/jamilsonfs/airflow/dados/dados_delta/353debf6e3b14334a8bcf0d3086e0b86-0.delta', '/home/jamilsonfs/airflow/dados/dados_delta/e5a34d8b48ba43c8a5cf370dc4dc7789-0.delta', '/home/jamilsonfs/airflow/dados/dados_delta/eb51609f3a02450b93d5fc377aee3bcf-0.delta', '/home/jamilsonfs/airflow/dados/dados_delta/9a0953e764a342e6b7426dac4d7f9f69-0.delta', '/home/jamilsonfs/airflow/dados/dados_delta/fc1d60876e0440488f5c798577119a03-0.delta', '/home/jamilsonfs/airflow/dados/dados_delta/15311e82b06f456eba6c7e9c8b0dcda7-0.delta', '/home/jamilsonfs/airflow/dados/dados_delta/db5423fb187a40029a81f7cb028bf349-0.delta', '/home/jamilsonfs/airflow/dados/dados_delta/d0b60ddf0c9041d1a894b323fb472de6-0.delta', '/home/jamilsonfs/airflow/dados/dados_delta/ec077f9928244a9cb8e846a86ed8183d-0.delta', '/home/jamilsonfs/airflow/dados/dados_delta/f5ccb0cf322146adba88e87832179bf7-0.delta', '/home/jamilsonfs/airflow/dados/dados_delta/ff4325fb7c264a45b61bdfa28cd8763e-0.delta', '/home/jamilsonfs/airflow/dados/dados_delta/9d416a09a8754dd7bedce2da72398868-0.delta', '/home/jamilsonfs/airflow/dados/dados_delta/7613eb38b23d42a4b24f8fe36739f721-0.delta', '/home/jamilsonfs/airflow/dados/dados_delta/ff054f2a11ed477584769a1b6b3d6d38-0.delta', '/home/jamilsonfs/airflow/dados/dados_delta/3ccf25840b1a440fa56647d4a40294a2-0.delta']
[2024-08-07T15:48:19.041-0300] {taskinstance.py:441} INFO - ::group::Post task execution logs
[2024-08-07T15:48:19.144-0300] {taskinstance.py:1206} INFO - Marking task as SUCCESS. dag_id=ETL_SIM, task_id=gerar_delta, run_id=manual__2024-08-07T18:36:41.214615+00:00, execution_date=20240807T183641, start_date=20240807T184655, end_date=20240807T184819
[2024-08-07T15:48:19.235-0300] {local_task_job_runner.py:240} INFO - Task exited with return code 0
[2024-08-07T15:48:19.298-0300] {taskinstance.py:3503} INFO - 0 downstream tasks scheduled from follow-on schedule check
[2024-08-07T15:48:19.299-0300] {local_task_job_runner.py:222} INFO - ::endgroup::
