[2024-08-04T18:57:49.968-0300] {processor.py:161} INFO - Started process (PID=18336) to work on /home/jamilsonfs/airflow/dags/ETL_SIA_AB.py
[2024-08-04T18:57:49.969-0300] {processor.py:830} INFO - Processing file /home/jamilsonfs/airflow/dags/ETL_SIA_AB.py for tasks to queue
[2024-08-04T18:57:49.970-0300] {logging_mixin.py:188} INFO - [2024-08-04T18:57:49.970-0300] {dagbag.py:545} INFO - Filling up the DagBag from /home/jamilsonfs/airflow/dags/ETL_SIA_AB.py
[2024-08-04T18:57:55.861-0300] {processor.py:840} INFO - DAG(s) 'ETL_SIA_AB' retrieved from /home/jamilsonfs/airflow/dags/ETL_SIA_AB.py
[2024-08-04T18:57:55.887-0300] {logging_mixin.py:188} INFO - [2024-08-04T18:57:55.887-0300] {dag.py:3096} INFO - Sync 1 DAGs
[2024-08-04T18:57:55.904-0300] {logging_mixin.py:188} INFO - [2024-08-04T18:57:55.904-0300] {dag.py:3954} INFO - Setting next_dagrun for ETL_SIA_AB to 2024-08-04T00:00:00+00:00, run_after=2024-08-05T00:00:00+00:00
[2024-08-04T18:57:55.934-0300] {processor.py:183} INFO - Processing /home/jamilsonfs/airflow/dags/ETL_SIA_AB.py took 5.974 seconds
[2024-08-04T18:58:26.086-0300] {processor.py:161} INFO - Started process (PID=18854) to work on /home/jamilsonfs/airflow/dags/ETL_SIA_AB.py
[2024-08-04T18:58:26.088-0300] {processor.py:830} INFO - Processing file /home/jamilsonfs/airflow/dags/ETL_SIA_AB.py for tasks to queue
[2024-08-04T18:58:26.089-0300] {logging_mixin.py:188} INFO - [2024-08-04T18:58:26.089-0300] {dagbag.py:545} INFO - Filling up the DagBag from /home/jamilsonfs/airflow/dags/ETL_SIA_AB.py
[2024-08-04T18:58:31.131-0300] {processor.py:840} INFO - DAG(s) 'ETL_SIA_AB' retrieved from /home/jamilsonfs/airflow/dags/ETL_SIA_AB.py
[2024-08-04T18:58:31.165-0300] {logging_mixin.py:188} INFO - [2024-08-04T18:58:31.165-0300] {dag.py:3096} INFO - Sync 1 DAGs
[2024-08-04T18:58:31.183-0300] {logging_mixin.py:188} INFO - [2024-08-04T18:58:31.182-0300] {dag.py:3954} INFO - Setting next_dagrun for ETL_SIA_AB to 2024-08-04T00:00:00+00:00, run_after=2024-08-05T00:00:00+00:00
[2024-08-04T18:58:31.204-0300] {processor.py:183} INFO - Processing /home/jamilsonfs/airflow/dags/ETL_SIA_AB.py took 5.126 seconds
[2024-08-04T18:58:55.203-0300] {processor.py:161} INFO - Started process (PID=19115) to work on /home/jamilsonfs/airflow/dags/ETL_SIA_AB.py
[2024-08-04T18:58:55.207-0300] {processor.py:830} INFO - Processing file /home/jamilsonfs/airflow/dags/ETL_SIA_AB.py for tasks to queue
[2024-08-04T18:58:55.208-0300] {logging_mixin.py:188} INFO - [2024-08-04T18:58:55.208-0300] {dagbag.py:545} INFO - Filling up the DagBag from /home/jamilsonfs/airflow/dags/ETL_SIA_AB.py
[2024-08-04T18:59:01.743-0300] {processor.py:840} INFO - DAG(s) 'ETL_SIA_AB' retrieved from /home/jamilsonfs/airflow/dags/ETL_SIA_AB.py
[2024-08-04T18:59:01.822-0300] {logging_mixin.py:188} INFO - [2024-08-04T18:59:01.822-0300] {dag.py:3096} INFO - Sync 1 DAGs
[2024-08-04T18:59:01.836-0300] {logging_mixin.py:188} INFO - [2024-08-04T18:59:01.836-0300] {dag.py:3954} INFO - Setting next_dagrun for ETL_SIA_AB to 2024-08-04T00:00:00+00:00, run_after=2024-08-05T00:00:00+00:00
[2024-08-04T18:59:01.875-0300] {processor.py:183} INFO - Processing /home/jamilsonfs/airflow/dags/ETL_SIA_AB.py took 6.680 seconds
[2024-08-04T18:59:39.302-0300] {processor.py:161} INFO - Started process (PID=19741) to work on /home/jamilsonfs/airflow/dags/ETL_SIA_AB.py
[2024-08-04T18:59:39.306-0300] {processor.py:830} INFO - Processing file /home/jamilsonfs/airflow/dags/ETL_SIA_AB.py for tasks to queue
[2024-08-04T18:59:39.307-0300] {logging_mixin.py:188} INFO - [2024-08-04T18:59:39.307-0300] {dagbag.py:545} INFO - Filling up the DagBag from /home/jamilsonfs/airflow/dags/ETL_SIA_AB.py
[2024-08-04T18:59:45.527-0300] {processor.py:840} INFO - DAG(s) 'ETL_SIA_AB' retrieved from /home/jamilsonfs/airflow/dags/ETL_SIA_AB.py
[2024-08-04T18:59:45.614-0300] {logging_mixin.py:188} INFO - [2024-08-04T18:59:45.614-0300] {dag.py:3096} INFO - Sync 1 DAGs
[2024-08-04T18:59:45.683-0300] {logging_mixin.py:188} INFO - [2024-08-04T18:59:45.683-0300] {dag.py:3954} INFO - Setting next_dagrun for ETL_SIA_AB to 2024-08-04T00:00:00+00:00, run_after=2024-08-05T00:00:00+00:00
[2024-08-04T18:59:45.710-0300] {processor.py:183} INFO - Processing /home/jamilsonfs/airflow/dags/ETL_SIA_AB.py took 6.414 seconds
[2024-08-04T19:00:22.318-0300] {processor.py:161} INFO - Started process (PID=20516) to work on /home/jamilsonfs/airflow/dags/ETL_SIA_AB.py
[2024-08-04T19:00:22.319-0300] {processor.py:830} INFO - Processing file /home/jamilsonfs/airflow/dags/ETL_SIA_AB.py for tasks to queue
[2024-08-04T19:00:22.321-0300] {logging_mixin.py:188} INFO - [2024-08-04T19:00:22.321-0300] {dagbag.py:545} INFO - Filling up the DagBag from /home/jamilsonfs/airflow/dags/ETL_SIA_AB.py
[2024-08-04T19:00:27.199-0300] {processor.py:840} INFO - DAG(s) 'ETL_SIA_AB' retrieved from /home/jamilsonfs/airflow/dags/ETL_SIA_AB.py
[2024-08-04T19:00:27.288-0300] {logging_mixin.py:188} INFO - [2024-08-04T19:00:27.288-0300] {dag.py:3096} INFO - Sync 1 DAGs
[2024-08-04T19:00:27.304-0300] {logging_mixin.py:188} INFO - [2024-08-04T19:00:27.303-0300] {dag.py:3954} INFO - Setting next_dagrun for ETL_SIA_AB to 2024-08-04T00:00:00+00:00, run_after=2024-08-05T00:00:00+00:00
[2024-08-04T19:00:27.328-0300] {processor.py:183} INFO - Processing /home/jamilsonfs/airflow/dags/ETL_SIA_AB.py took 5.018 seconds
