[2024-08-07T15:41:16.432-0300] {local_task_job_runner.py:120} INFO - ::group::Pre task execution logs
[2024-08-07T15:41:16.448-0300] {taskinstance.py:2076} INFO - Dependencies all met for dep_context=non-requeueable deps ti=<TaskInstance: ETL_SIM.t_cid10 manual__2024-08-07T18:36:41.214615+00:00 [queued]>
[2024-08-07T15:41:16.454-0300] {taskinstance.py:2076} INFO - Dependencies all met for dep_context=requeueable deps ti=<TaskInstance: ETL_SIM.t_cid10 manual__2024-08-07T18:36:41.214615+00:00 [queued]>
[2024-08-07T15:41:16.454-0300] {taskinstance.py:2306} INFO - Starting attempt 1 of 1
[2024-08-07T15:41:16.474-0300] {taskinstance.py:2330} INFO - Executing <Task(PythonOperator): t_cid10> on 2024-08-07 18:36:41.214615+00:00
[2024-08-07T15:41:16.478-0300] {standard_task_runner.py:63} INFO - Started process 15579 to run task
[2024-08-07T15:41:16.481-0300] {standard_task_runner.py:90} INFO - Running: ['airflow', 'tasks', 'run', 'ETL_SIM', 't_cid10', 'manual__2024-08-07T18:36:41.214615+00:00', '--job-id', '1058', '--raw', '--subdir', 'DAGS_FOLDER/ETL_DO.py', '--cfg-path', '/tmp/tmpbw3sp2aq']
[2024-08-07T15:41:16.483-0300] {standard_task_runner.py:91} INFO - Job 1058: Subtask t_cid10
[2024-08-07T15:41:16.520-0300] {task_command.py:426} INFO - Running <TaskInstance: ETL_SIM.t_cid10 manual__2024-08-07T18:36:41.214615+00:00 [running]> on host LAPTOP-NDHI6BI3.
[2024-08-07T15:41:16.813-0300] {taskinstance.py:2648} INFO - Exporting env vars: AIRFLOW_CTX_DAG_OWNER='airflow' AIRFLOW_CTX_DAG_ID='ETL_SIM' AIRFLOW_CTX_TASK_ID='t_cid10' AIRFLOW_CTX_EXECUTION_DATE='2024-08-07T18:36:41.214615+00:00' AIRFLOW_CTX_TRY_NUMBER='1' AIRFLOW_CTX_DAG_RUN_ID='manual__2024-08-07T18:36:41.214615+00:00'
[2024-08-07T15:41:16.815-0300] {taskinstance.py:430} INFO - ::endgroup::
[2024-08-07T15:41:17.221-0300] {logging_mixin.py:188} INFO - Transformando /home/jamilsonfs/airflow/dados/dados_parquet/DOMG2020.parquet/63858c386fab41368dad5a942add8efe-0.parquet
[2024-08-07T15:41:27.892-0300] {logging_mixin.py:188} INFO - Dados transformados e salvos em Parquet: /home/jamilsonfs/airflow/dados/dados_parquet/DOMG2020.parquet/63858c386fab41368dad5a942add8efe-0.parquet
[2024-08-07T15:41:27.892-0300] {logging_mixin.py:188} INFO - Transformando /home/jamilsonfs/airflow/dados/dados_parquet/DOMG2020.parquet/1c9f38c087234ad1bcf751aebad39757-0.parquet
[2024-08-07T15:41:28.578-0300] {logging_mixin.py:188} INFO - Dados transformados e salvos em Parquet: /home/jamilsonfs/airflow/dados/dados_parquet/DOMG2020.parquet/1c9f38c087234ad1bcf751aebad39757-0.parquet
[2024-08-07T15:41:28.579-0300] {logging_mixin.py:188} INFO - Transformando /home/jamilsonfs/airflow/dados/dados_parquet/DOMG2020.parquet/bc287a6e789a44b19ffb077a697e33a0-0.parquet
[2024-08-07T15:41:37.616-0300] {logging_mixin.py:188} INFO - Dados transformados e salvos em Parquet: /home/jamilsonfs/airflow/dados/dados_parquet/DOMG2020.parquet/bc287a6e789a44b19ffb077a697e33a0-0.parquet
[2024-08-07T15:41:37.616-0300] {logging_mixin.py:188} INFO - Transformando /home/jamilsonfs/airflow/dados/dados_parquet/DOMG2020.parquet/b6511d48faa04637a899a4662ac6ff7e-0.parquet
[2024-08-07T15:41:49.589-0300] {logging_mixin.py:188} INFO - Dados transformados e salvos em Parquet: /home/jamilsonfs/airflow/dados/dados_parquet/DOMG2020.parquet/b6511d48faa04637a899a4662ac6ff7e-0.parquet
[2024-08-07T15:41:49.590-0300] {logging_mixin.py:188} INFO - Transformando /home/jamilsonfs/airflow/dados/dados_parquet/DOMG2020.parquet/29f83e9c131b49dc8812f785e62eba17-0.parquet
[2024-08-07T15:41:59.558-0300] {logging_mixin.py:188} INFO - Dados transformados e salvos em Parquet: /home/jamilsonfs/airflow/dados/dados_parquet/DOMG2020.parquet/29f83e9c131b49dc8812f785e62eba17-0.parquet
[2024-08-07T15:41:59.558-0300] {logging_mixin.py:188} INFO - Transformando /home/jamilsonfs/airflow/dados/dados_parquet/DOMG2020.parquet/8caf5457d31e4412838599e8b8d511d8-0.parquet
[2024-08-07T15:42:10.196-0300] {logging_mixin.py:188} INFO - Dados transformados e salvos em Parquet: /home/jamilsonfs/airflow/dados/dados_parquet/DOMG2020.parquet/8caf5457d31e4412838599e8b8d511d8-0.parquet
[2024-08-07T15:42:10.197-0300] {logging_mixin.py:188} INFO - Transformando /home/jamilsonfs/airflow/dados/dados_parquet/DORJ2020.parquet/f573c3974a764475b9a43cefac297644-0.parquet
[2024-08-07T15:42:22.461-0300] {logging_mixin.py:188} INFO - Dados transformados e salvos em Parquet: /home/jamilsonfs/airflow/dados/dados_parquet/DORJ2020.parquet/f573c3974a764475b9a43cefac297644-0.parquet
[2024-08-07T15:42:22.462-0300] {logging_mixin.py:188} INFO - Transformando /home/jamilsonfs/airflow/dados/dados_parquet/DORJ2020.parquet/bb42c2023f8a4a9a89e08f75728fe7e8-0.parquet
[2024-08-07T15:42:39.352-0300] {logging_mixin.py:188} INFO - Dados transformados e salvos em Parquet: /home/jamilsonfs/airflow/dados/dados_parquet/DORJ2020.parquet/bb42c2023f8a4a9a89e08f75728fe7e8-0.parquet
[2024-08-07T15:42:39.353-0300] {logging_mixin.py:188} INFO - Transformando /home/jamilsonfs/airflow/dados/dados_parquet/DORJ2020.parquet/195a3eb31757424cbf9a9bb6bd378c7e-0.parquet
[2024-08-07T15:42:57.832-0300] {logging_mixin.py:188} INFO - Dados transformados e salvos em Parquet: /home/jamilsonfs/airflow/dados/dados_parquet/DORJ2020.parquet/195a3eb31757424cbf9a9bb6bd378c7e-0.parquet
[2024-08-07T15:42:57.832-0300] {logging_mixin.py:188} INFO - Transformando /home/jamilsonfs/airflow/dados/dados_parquet/DORJ2020.parquet/023e705eb23f449695e90403fea31c22-0.parquet
[2024-08-07T15:43:06.307-0300] {logging_mixin.py:188} INFO - Dados transformados e salvos em Parquet: /home/jamilsonfs/airflow/dados/dados_parquet/DORJ2020.parquet/023e705eb23f449695e90403fea31c22-0.parquet
[2024-08-07T15:43:06.308-0300] {logging_mixin.py:188} INFO - Transformando /home/jamilsonfs/airflow/dados/dados_parquet/DORJ2020.parquet/353debf6e3b14334a8bcf0d3086e0b86-0.parquet
[2024-08-07T15:43:17.443-0300] {logging_mixin.py:188} INFO - Dados transformados e salvos em Parquet: /home/jamilsonfs/airflow/dados/dados_parquet/DORJ2020.parquet/353debf6e3b14334a8bcf0d3086e0b86-0.parquet
[2024-08-07T15:43:17.443-0300] {logging_mixin.py:188} INFO - Transformando /home/jamilsonfs/airflow/dados/dados_parquet/DORJ2020.parquet/e5a34d8b48ba43c8a5cf370dc4dc7789-0.parquet
[2024-08-07T15:43:29.362-0300] {logging_mixin.py:188} INFO - Dados transformados e salvos em Parquet: /home/jamilsonfs/airflow/dados/dados_parquet/DORJ2020.parquet/e5a34d8b48ba43c8a5cf370dc4dc7789-0.parquet
[2024-08-07T15:43:29.362-0300] {logging_mixin.py:188} INFO - Transformando /home/jamilsonfs/airflow/dados/dados_parquet/DOSP2020.parquet/eb51609f3a02450b93d5fc377aee3bcf-0.parquet
[2024-08-07T15:43:42.410-0300] {logging_mixin.py:188} INFO - Dados transformados e salvos em Parquet: /home/jamilsonfs/airflow/dados/dados_parquet/DOSP2020.parquet/eb51609f3a02450b93d5fc377aee3bcf-0.parquet
[2024-08-07T15:43:42.411-0300] {logging_mixin.py:188} INFO - Transformando /home/jamilsonfs/airflow/dados/dados_parquet/DOSP2020.parquet/9a0953e764a342e6b7426dac4d7f9f69-0.parquet
[2024-08-07T15:43:59.042-0300] {logging_mixin.py:188} INFO - Dados transformados e salvos em Parquet: /home/jamilsonfs/airflow/dados/dados_parquet/DOSP2020.parquet/9a0953e764a342e6b7426dac4d7f9f69-0.parquet
[2024-08-07T15:43:59.042-0300] {logging_mixin.py:188} INFO - Transformando /home/jamilsonfs/airflow/dados/dados_parquet/DOSP2020.parquet/fc1d60876e0440488f5c798577119a03-0.parquet
[2024-08-07T15:44:12.698-0300] {logging_mixin.py:188} INFO - Dados transformados e salvos em Parquet: /home/jamilsonfs/airflow/dados/dados_parquet/DOSP2020.parquet/fc1d60876e0440488f5c798577119a03-0.parquet
[2024-08-07T15:44:12.698-0300] {logging_mixin.py:188} INFO - Transformando /home/jamilsonfs/airflow/dados/dados_parquet/DOSP2020.parquet/15311e82b06f456eba6c7e9c8b0dcda7-0.parquet
[2024-08-07T15:44:25.536-0300] {logging_mixin.py:188} INFO - Dados transformados e salvos em Parquet: /home/jamilsonfs/airflow/dados/dados_parquet/DOSP2020.parquet/15311e82b06f456eba6c7e9c8b0dcda7-0.parquet
[2024-08-07T15:44:25.536-0300] {logging_mixin.py:188} INFO - Transformando /home/jamilsonfs/airflow/dados/dados_parquet/DOSP2020.parquet/db5423fb187a40029a81f7cb028bf349-0.parquet
[2024-08-07T15:44:40.021-0300] {logging_mixin.py:188} INFO - Dados transformados e salvos em Parquet: /home/jamilsonfs/airflow/dados/dados_parquet/DOSP2020.parquet/db5423fb187a40029a81f7cb028bf349-0.parquet
[2024-08-07T15:44:40.022-0300] {logging_mixin.py:188} INFO - Transformando /home/jamilsonfs/airflow/dados/dados_parquet/DOSP2020.parquet/d0b60ddf0c9041d1a894b323fb472de6-0.parquet
[2024-08-07T15:44:51.544-0300] {logging_mixin.py:188} INFO - Dados transformados e salvos em Parquet: /home/jamilsonfs/airflow/dados/dados_parquet/DOSP2020.parquet/d0b60ddf0c9041d1a894b323fb472de6-0.parquet
[2024-08-07T15:44:51.545-0300] {logging_mixin.py:188} INFO - Transformando /home/jamilsonfs/airflow/dados/dados_parquet/DOSP2020.parquet/ec077f9928244a9cb8e846a86ed8183d-0.parquet
[2024-08-07T15:45:01.534-0300] {logging_mixin.py:188} INFO - Dados transformados e salvos em Parquet: /home/jamilsonfs/airflow/dados/dados_parquet/DOSP2020.parquet/ec077f9928244a9cb8e846a86ed8183d-0.parquet
[2024-08-07T15:45:01.535-0300] {logging_mixin.py:188} INFO - Transformando /home/jamilsonfs/airflow/dados/dados_parquet/DOSP2020.parquet/f5ccb0cf322146adba88e87832179bf7-0.parquet
[2024-08-07T15:45:14.433-0300] {logging_mixin.py:188} INFO - Dados transformados e salvos em Parquet: /home/jamilsonfs/airflow/dados/dados_parquet/DOSP2020.parquet/f5ccb0cf322146adba88e87832179bf7-0.parquet
[2024-08-07T15:45:14.433-0300] {logging_mixin.py:188} INFO - Transformando /home/jamilsonfs/airflow/dados/dados_parquet/DOSP2020.parquet/ff4325fb7c264a45b61bdfa28cd8763e-0.parquet
[2024-08-07T15:45:33.861-0300] {logging_mixin.py:188} INFO - Dados transformados e salvos em Parquet: /home/jamilsonfs/airflow/dados/dados_parquet/DOSP2020.parquet/ff4325fb7c264a45b61bdfa28cd8763e-0.parquet
[2024-08-07T15:45:33.862-0300] {logging_mixin.py:188} INFO - Transformando /home/jamilsonfs/airflow/dados/dados_parquet/DOSP2020.parquet/9d416a09a8754dd7bedce2da72398868-0.parquet
[2024-08-07T15:45:45.877-0300] {logging_mixin.py:188} INFO - Dados transformados e salvos em Parquet: /home/jamilsonfs/airflow/dados/dados_parquet/DOSP2020.parquet/9d416a09a8754dd7bedce2da72398868-0.parquet
[2024-08-07T15:45:45.877-0300] {logging_mixin.py:188} INFO - Transformando /home/jamilsonfs/airflow/dados/dados_parquet/DOSP2020.parquet/7613eb38b23d42a4b24f8fe36739f721-0.parquet
[2024-08-07T15:45:56.195-0300] {logging_mixin.py:188} INFO - Dados transformados e salvos em Parquet: /home/jamilsonfs/airflow/dados/dados_parquet/DOSP2020.parquet/7613eb38b23d42a4b24f8fe36739f721-0.parquet
[2024-08-07T15:45:56.195-0300] {logging_mixin.py:188} INFO - Transformando /home/jamilsonfs/airflow/dados/dados_parquet/DOSP2020.parquet/ff054f2a11ed477584769a1b6b3d6d38-0.parquet
[2024-08-07T15:46:03.910-0300] {logging_mixin.py:188} INFO - Dados transformados e salvos em Parquet: /home/jamilsonfs/airflow/dados/dados_parquet/DOSP2020.parquet/ff054f2a11ed477584769a1b6b3d6d38-0.parquet
[2024-08-07T15:46:03.910-0300] {logging_mixin.py:188} INFO - Transformando /home/jamilsonfs/airflow/dados/dados_parquet/DOES2020.parquet/3ccf25840b1a440fa56647d4a40294a2-0.parquet
[2024-08-07T15:46:23.966-0300] {logging_mixin.py:188} INFO - Dados transformados e salvos em Parquet: /home/jamilsonfs/airflow/dados/dados_parquet/DOES2020.parquet/3ccf25840b1a440fa56647d4a40294a2-0.parquet
[2024-08-07T15:46:23.981-0300] {python.py:237} INFO - Done. Returned value was: None
[2024-08-07T15:46:23.982-0300] {taskinstance.py:441} INFO - ::group::Post task execution logs
[2024-08-07T15:46:23.991-0300] {taskinstance.py:1206} INFO - Marking task as SUCCESS. dag_id=ETL_SIM, task_id=t_cid10, run_id=manual__2024-08-07T18:36:41.214615+00:00, execution_date=20240807T183641, start_date=20240807T184116, end_date=20240807T184623
[2024-08-07T15:46:24.048-0300] {local_task_job_runner.py:240} INFO - Task exited with return code 0
[2024-08-07T15:46:24.075-0300] {taskinstance.py:3503} INFO - 1 downstream tasks scheduled from follow-on schedule check
[2024-08-07T15:46:24.083-0300] {local_task_job_runner.py:222} INFO - ::endgroup::
