[2024-08-05T18:40:18.389-0300] {local_task_job_runner.py:120} INFO - ::group::Pre task execution logs
[2024-08-05T18:40:18.431-0300] {taskinstance.py:2076} INFO - Dependencies all met for dep_context=non-requeueable deps ti=<TaskInstance: ETL_SIM.baixar_SIM_SP_2023 scheduled__2024-08-04T00:00:00+00:00 [queued]>
[2024-08-05T18:40:18.448-0300] {taskinstance.py:2076} INFO - Dependencies all met for dep_context=requeueable deps ti=<TaskInstance: ETL_SIM.baixar_SIM_SP_2023 scheduled__2024-08-04T00:00:00+00:00 [queued]>
[2024-08-05T18:40:18.449-0300] {taskinstance.py:2306} INFO - Starting attempt 1 of 1
[2024-08-05T18:40:18.473-0300] {taskinstance.py:2330} INFO - Executing <Task(PythonOperator): baixar_SIM_SP_2023> on 2024-08-04 00:00:00+00:00
[2024-08-05T18:40:18.481-0300] {standard_task_runner.py:63} INFO - Started process 41935 to run task
[2024-08-05T18:40:18.483-0300] {standard_task_runner.py:90} INFO - Running: ['airflow', 'tasks', 'run', 'ETL_SIM', 'baixar_SIM_SP_2023', 'scheduled__2024-08-04T00:00:00+00:00', '--job-id', '979', '--raw', '--subdir', 'DAGS_FOLDER/ETL_DO.py', '--cfg-path', '/tmp/tmp0bg8q286']
[2024-08-05T18:40:18.485-0300] {standard_task_runner.py:91} INFO - Job 979: Subtask baixar_SIM_SP_2023
[2024-08-05T18:40:18.544-0300] {task_command.py:426} INFO - Running <TaskInstance: ETL_SIM.baixar_SIM_SP_2023 scheduled__2024-08-04T00:00:00+00:00 [running]> on host LAPTOP-NDHI6BI3.
[2024-08-05T18:40:18.862-0300] {taskinstance.py:2648} INFO - Exporting env vars: AIRFLOW_CTX_DAG_OWNER='airflow' AIRFLOW_CTX_DAG_ID='ETL_SIM' AIRFLOW_CTX_TASK_ID='baixar_SIM_SP_2023' AIRFLOW_CTX_EXECUTION_DATE='2024-08-04T00:00:00+00:00' AIRFLOW_CTX_TRY_NUMBER='1' AIRFLOW_CTX_DAG_RUN_ID='scheduled__2024-08-04T00:00:00+00:00'
[2024-08-05T18:40:18.863-0300] {taskinstance.py:430} INFO - ::endgroup::
[2024-08-05T18:40:20.952-0300] {logging_mixin.py:188} WARNING - 0it [00:00, ?it/s]
[2024-08-05T18:40:20.952-0300] {logging_mixin.py:188} WARNING - 0it [00:00, ?it/s]
[2024-08-05T18:40:20.952-0300] {logging_mixin.py:188} INFO - Dados para a UF SP e ano 2023: {'SP': []}
[2024-08-05T18:40:20.953-0300] {python.py:237} INFO - Done. Returned value was: {'SP': []}
[2024-08-05T18:40:20.953-0300] {taskinstance.py:441} INFO - ::group::Post task execution logs
[2024-08-05T18:40:20.966-0300] {taskinstance.py:1206} INFO - Marking task as SUCCESS. dag_id=ETL_SIM, task_id=baixar_SIM_SP_2023, run_id=scheduled__2024-08-04T00:00:00+00:00, execution_date=20240804T000000, start_date=20240805T214018, end_date=20240805T214020
[2024-08-05T18:40:21.027-0300] {local_task_job_runner.py:240} INFO - Task exited with return code 0
[2024-08-05T18:40:21.060-0300] {taskinstance.py:3503} INFO - 0 downstream tasks scheduled from follow-on schedule check
[2024-08-05T18:40:21.061-0300] {local_task_job_runner.py:222} INFO - ::endgroup::
